<?xml version="1.0" encoding="UTF-8"?>
<!-- Generated by org.testng.reporters.JUnitReportReporter -->
<testsuite hostname="INBook_X1" failures="0" tests="1" name="javaPackage.TestNG1" time="0.012" errors="0" timestamp="2024-10-07T23:20:55 IST" skipped="0">
  <testcase classname="javaPackage.TestNG1" name="test1" time="0.012"/>
  <system-out/>
</testsuite> <!-- javaPackage.TestNG1 -->
