<?xml version="1.0" encoding="UTF-8"?>
<!-- Generated by org.testng.reporters.JUnitReportReporter -->
<testsuite hostname="INBook_X1" failures="0" tests="5" name="javaPackage.TestNG2" time="0.036" errors="0" timestamp="2024-10-07T23:33:18 IST" skipped="0">
  <testcase classname="javaPackage.TestNG2" name="z1" time="0.006"/>
  <system-out/>
  <testcase classname="javaPackage.TestNG2" name="a2" time="0.003"/>
  <system-out/>
  <testcase classname="javaPackage.TestNG2" name="a" time="0.023"/>
  <system-out/>
  <testcase classname="javaPackage.TestNG2" name="ab" time="0.002"/>
  <system-out/>
  <testcase classname="javaPackage.TestNG2" name="z" time="0.002"/>
  <system-out/>
</testsuite> <!-- javaPackage.TestNG2 -->
