<?xml version="1.0" encoding="UTF-8"?>
<!-- Generated by org.testng.reporters.JUnitReportReporter -->
<testsuite hostname="INBook_X1" failures="0" tests="4" name="javaPackage.TestNG3" time="0.036" errors="0" timestamp="2024-10-07T23:45:21 IST" skipped="0">
  <testcase classname="javaPackage.TestNG3" name="a" time="0.016"/>
  <system-out/>
  <testcase classname="javaPackage.TestNG3" name="d" time="0.005"/>
  <system-out/>
  <testcase classname="javaPackage.TestNG3" name="c" time="0.006"/>
  <system-out/>
  <testcase classname="javaPackage.TestNG3" name="b" time="0.009"/>
  <system-out/>
</testsuite> <!-- javaPackage.TestNG3 -->
