<?xml version="1.0" encoding="UTF-8"?>
<!-- Generated by org.testng.reporters.JUnitReportReporter -->
<testsuite hostname="INBook_X1" failures="0" tests="4" name="javaPackage.TestNG4" time="0.019" errors="0" timestamp="2024-10-18T00:53:45 IST" skipped="1">
  <testcase classname="javaPackage.TestNG4" name="a" time="0.014"/>
  <system-out/>
  <testcase classname="javaPackage.TestNG4" name="d" time="0.001"/>
  <system-out/>
  <testcase classname="javaPackage.TestNG4" name="c" time="0.004"/>
  <system-out/>
  <testcase classname="javaPackage.TestNG4" name="b">
    <skipped/>
  </testcase> <!-- b -->
  <system-out/>
</testsuite> <!-- javaPackage.TestNG4 -->
